This is pdfTeX, Version 3.141592653-2.6-1.40.25 (MiKTeX 24.1) (preloaded format=pdflatex 2025.8.1)  1 AUG 2025 19:09
entering extended mode
 restricted \write18 enabled.
 %&-line parsing enabled.
**./main.tex
(main.tex
LaTeX2e <2023-11-01> patch level 1
L3 programming layer <2024-01-04>
(C:\Users\ANIL\AppData\Local\Programs\MiKTeX\tex/latex/base\article.cls
Document Class: article 2023/05/17 v1.4n Standard LaTeX document class
(C:\Users\ANIL\AppData\Local\Programs\MiKTeX\tex/latex/base\size10.clo
File: size10.clo 2023/05/17 v1.4n Standard LaTeX file (size option)
)
\c@part=\count187
\c@section=\count188
\c@subsection=\count189
\c@subsubsection=\count190
\c@paragraph=\count191
\c@subparagraph=\count192
\c@figure=\count193
\c@table=\count194
\abovecaptionskip=\skip48
\belowcaptionskip=\skip49
\bibindent=\dimen140
)
(C:\Users\ANIL\AppData\Local\Programs\MiKTeX\tex/latex/amsmath\amsmath.sty
Package: amsmath 2023/05/13 v2.17o AMS math features
\@mathmargin=\skip50

For additional information on amsmath, use the `?' option.
(C:\Users\ANIL\AppData\Local\Programs\MiKTeX\tex/latex/amsmath\amstext.sty
Package: amstext 2021/08/26 v2.01 AMS text

(C:\Users\ANIL\AppData\Local\Programs\MiKTeX\tex/latex/amsmath\amsgen.sty
File: amsgen.sty 1999/11/30 v2.0 generic functions
\@emptytoks=\toks17
\ex@=\dimen141
))
(C:\Users\ANIL\AppData\Local\Programs\MiKTeX\tex/latex/amsmath\amsbsy.sty
Package: amsbsy 1999/11/29 v1.2d Bold Symbols
\pmbraise@=\dimen142
)
(C:\Users\ANIL\AppData\Local\Programs\MiKTeX\tex/latex/amsmath\amsopn.sty
Package: amsopn 2022/04/08 v2.04 operator names
)
\inf@bad=\count195
LaTeX Info: Redefining \frac on input line 234.
\uproot@=\count196
\leftroot@=\count197
LaTeX Info: Redefining \overline on input line 399.
LaTeX Info: Redefining \colon on input line 410.
\classnum@=\count198
\DOTSCASE@=\count199
LaTeX Info: Redefining \ldots on input line 496.
LaTeX Info: Redefining \dots on input line 499.
LaTeX Info: Redefining \cdots on input line 620.
\Mathstrutbox@=\box51
\strutbox@=\box52
LaTeX Info: Redefining \big on input line 722.
LaTeX Info: Redefining \Big on input line 723.
LaTeX Info: Redefining \bigg on input line 724.
LaTeX Info: Redefining \Bigg on input line 725.
\big@size=\dimen143
LaTeX Font Info:    Redeclaring font encoding OML on input line 743.
LaTeX Font Info:    Redeclaring font encoding OMS on input line 744.
\macc@depth=\count266
LaTeX Info: Redefining \bmod on input line 905.
LaTeX Info: Redefining \pmod on input line 910.
LaTeX Info: Redefining \smash on input line 940.
LaTeX Info: Redefining \relbar on input line 970.
LaTeX Info: Redefining \Relbar on input line 971.
\c@MaxMatrixCols=\count267
\dotsspace@=\muskip16
\c@parentequation=\count268
\dspbrk@lvl=\count269
\tag@help=\toks18
\row@=\count270
\column@=\count271
\maxfields@=\count272
\andhelp@=\toks19
\eqnshift@=\dimen144
\alignsep@=\dimen145
\tagshift@=\dimen146
\tagwidth@=\dimen147
\totwidth@=\dimen148
\lineht@=\dimen149
\@envbody=\toks20
\multlinegap=\skip51
\multlinetaggap=\skip52
\mathdisplay@stack=\toks21
LaTeX Info: Redefining \[ on input line 2953.
LaTeX Info: Redefining \] on input line 2954.
)
(C:\Users\ANIL\AppData\Local\Programs\MiKTeX\tex/latex/amsfonts\amsfonts.sty
Package: amsfonts 2013/01/14 v3.01 Basic AMSFonts support
\symAMSa=\mathgroup4
\symAMSb=\mathgroup5
LaTeX Font Info:    Redeclaring math symbol \hbar on input line 98.
LaTeX Font Info:    Overwriting math alphabet `\mathfrak' in version `bold'
(Font)                  U/euf/m/n --> U/euf/b/n on input line 106.
)
(C:\Users\ANIL\AppData\Local\Programs\MiKTeX\tex/latex/tools\tabularx.sty
Package: tabularx 2023/07/08 v2.11c `tabularx' package (DPC)

(C:\Users\ANIL\AppData\Local\Programs\MiKTeX\tex/latex/tools\array.sty
Package: array 2023/10/16 v2.5g Tabular extension package (FMi)
\col@sep=\dimen150
\ar@mcellbox=\box53
\extrarowheight=\dimen151
\NC@list=\toks22
\extratabsurround=\skip53
\backup@length=\skip54
\ar@cellbox=\box54
)
\TX@col@width=\dimen152
\TX@old@table=\dimen153
\TX@old@col=\dimen154
\TX@target=\dimen155
\TX@delta=\dimen156
\TX@cols=\count273
\TX@ftn=\toks23
)
(C:\Users\ANIL\AppData\Local\Programs\MiKTeX\tex/latex/listings\listings.sty
(C:\Users\ANIL\AppData\Local\Programs\MiKTeX\tex/latex/graphics\keyval.sty
Package: keyval 2022/05/29 v1.15 key=value parser (DPC)
\KV@toks@=\toks24
)
\lst@mode=\count274
\lst@gtempboxa=\box55
\lst@token=\toks25
\lst@length=\count275
\lst@currlwidth=\dimen157
\lst@column=\count276
\lst@pos=\count277
\lst@lostspace=\dimen158
\lst@width=\dimen159
\lst@newlines=\count278
\lst@lineno=\count279
\lst@maxwidth=\dimen160

(C:\Users\ANIL\AppData\Local\Programs\MiKTeX\tex/latex/listings\lstmisc.sty
File: lstmisc.sty 2023/02/27 1.9 (Carsten Heinz)
\c@lstnumber=\count280
\lst@skipnumbers=\count281
\lst@framebox=\box56
)
(C:\Users\ANIL\AppData\Local\Programs\MiKTeX\tex/latex/listings\listings.cfg
File: listings.cfg 2023/02/27 1.9 listings configuration
))
Package: listings 2023/02/27 1.9 (Carsten Heinz)

(C:\Users\ANIL\AppData\Local\Programs\MiKTeX\tex/latex/graphics\graphicx.sty
Package: graphicx 2021/09/16 v1.2d Enhanced LaTeX Graphics (DPC,SPQR)

(C:\Users\ANIL\AppData\Local\Programs\MiKTeX\tex/latex/graphics\graphics.sty
Package: graphics 2022/03/10 v1.4e Standard LaTeX Graphics (DPC,SPQR)

(C:\Users\ANIL\AppData\Local\Programs\MiKTeX\tex/latex/graphics\trig.sty
Package: trig 2021/08/11 v1.11 sin cos tan (DPC)
)
(C:\Users\ANIL\AppData\Local\Programs\MiKTeX\tex/latex/graphics-cfg\graphics.cf
g
File: graphics.cfg 2016/06/04 v1.11 sample graphics configuration
)
Package graphics Info: Driver file: pdftex.def on input line 107.

(C:\Users\ANIL\AppData\Local\Programs\MiKTeX\tex/latex/graphics-def\pdftex.def
File: pdftex.def 2022/09/22 v1.2b Graphics/color driver for pdftex
))
\Gin@req@height=\dimen161
\Gin@req@width=\dimen162
)
(C:\Users\ANIL\AppData\Local\Programs\MiKTeX\tex/latex/l3backend\l3backend-pdft
ex.def
File: l3backend-pdftex.def 2024-01-04 L3 backend support: PDF output (pdfTeX)
\l__color_backend_stack_int=\count282
\l__pdf_internal_box=\box57
)
No file main.aux.
\openout1 = `main.aux'.

LaTeX Font Info:    Checking defaults for OML/cmm/m/it on input line 9.
LaTeX Font Info:    ... okay on input line 9.
LaTeX Font Info:    Checking defaults for OMS/cmsy/m/n on input line 9.
LaTeX Font Info:    ... okay on input line 9.
LaTeX Font Info:    Checking defaults for OT1/cmr/m/n on input line 9.
LaTeX Font Info:    ... okay on input line 9.
LaTeX Font Info:    Checking defaults for T1/cmr/m/n on input line 9.
LaTeX Font Info:    ... okay on input line 9.
LaTeX Font Info:    Checking defaults for TS1/cmr/m/n on input line 9.
LaTeX Font Info:    ... okay on input line 9.
LaTeX Font Info:    Checking defaults for OMX/cmex/m/n on input line 9.
LaTeX Font Info:    ... okay on input line 9.
LaTeX Font Info:    Checking defaults for U/cmr/m/n on input line 9.
LaTeX Font Info:    ... okay on input line 9.
\c@lstlisting=\count283

(C:\Users\ANIL\AppData\Local\Programs\MiKTeX\tex/context/base/mkii\supp-pdf.mki
i
[Loading MPS to PDF converter (version 2006.09.02).]
\scratchcounter=\count284
\scratchdimen=\dimen163
\scratchbox=\box58
\nofMPsegments=\count285
\nofMParguments=\count286
\everyMPshowfont=\toks26
\MPscratchCnt=\count287
\MPscratchDim=\dimen164
\MPnumerator=\count288
\makeMPintoPDFobject=\count289
\everyMPtoPDFconversion=\toks27
)
(C:\Users\ANIL\AppData\Local\Programs\MiKTeX\tex/latex/epstopdf-pkg\epstopdf-ba
se.sty
Package: epstopdf-base 2020-01-24 v2.11 Base part for package epstopdf
Package epstopdf-base Info: Redefining graphics rule for `.eps' on input line 4
85.

(C:\Users\ANIL\AppData\Local\Programs\MiKTeX\tex/latex/00miktex\epstopdf-sys.cf
g
File: epstopdf-sys.cfg 2021/03/18 v2.0 Configuration of epstopdf for MiKTeX
))
LaTeX Font Info:    Trying to load font information for U+msa on input line 15.

 (C:\Users\ANIL\AppData\Local\Programs\MiKTeX\tex/latex/amsfonts\umsa.fd
File: umsa.fd 2013/01/14 v3.01 AMS symbols A
)
LaTeX Font Info:    Trying to load font information for U+msb on input line 15.


(C:\Users\ANIL\AppData\Local\Programs\MiKTeX\tex/latex/amsfonts\umsb.fd
File: umsb.fd 2013/01/14 v3.01 AMS symbols B
)
Overfull \hbox (97.74023pt too wide) detected at line 112
\OML/cmm/m/it/10 V\OT1/cmr/m/n/10 (\OML/cmm/m/it/10 x; y\OT1/cmr/m/n/10 ) = 0 [
]  \OMS/cmsy/m/n/10 ^^@ \OML/cmm/m/it/10 a < x < a;  \OMS/cmsy/m/n/10 ^^@\OML/c
mm/m/it/10 a < y < a [] V\OT1/cmr/m/n/10 (\OML/cmm/m/it/10 x; y\OT1/cmr/m/n/10 
) = \OMS/cmsy/m/n/10 1 []\OML/cmm/m/it/10 :
 []

[1{C:/Users/ANIL/AppData/Local/MiKTeX/fonts/map/pdftex/pdftex.map}


]
Underfull \hbox (badness 10000) in paragraph at lines 158--159

 []


Underfull \hbox (badness 10000) in paragraph at lines 159--160

 []


Underfull \hbox (badness 10000) in paragraph at lines 160--161

 []


Underfull \hbox (badness 10000) in paragraph at lines 236--237

 []


Underfull \hbox (badness 10000) in paragraph at lines 237--238

 []


Underfull \hbox (badness 10000) in paragraph at lines 238--239

 []

[2]
Underfull \hbox (badness 10000) in paragraph at lines 303--304

 []


Underfull \hbox (badness 10000) in paragraph at lines 304--305

 []


Underfull \hbox (badness 10000) in paragraph at lines 305--306

 []

<B_15.png, id=17, 423.5825pt x 246.9225pt>
File: B_15.png Graphic file (type png)
<use B_15.png>
Package pdftex.def Info: B_15.png  used on input line 325.
(pdftex.def)             Requested size: 206.5486pt x 120.4053pt.
[3 <./B_15.png>]
<A_20.png, id=26, 245.41687pt x 114.92938pt>
File: A_20.png Graphic file (type png)
<use A_20.png>
Package pdftex.def Info: A_20.png  used on input line 441.
(pdftex.def)             Requested size: 137.7014pt x 64.48802pt.
<A_20.1.png, id=27, 287.57437pt x 282.05376pt>
File: A_20.1.png Graphic file (type png)
<use A_20.1.png>
Package pdftex.def Info: A_20.1.png  used on input line 447.
(pdftex.def)             Requested size: 137.7014pt x 135.06146pt.
 [4 <./A_20.png> <./A_20.1.png>]
<A_24.png, id=33, 108.90688pt x 80.3pt>
File: A_24.png Graphic file (type png)
<use A_24.png>
Package pdftex.def Info: A_24.png  used on input line 530.
(pdftex.def)             Requested size: 137.7014pt x 101.53017pt.
<A_27.png, id=34, 149.55875pt x 104.39pt>
File: A_27.png Graphic file (type png)
<use A_27.png>
Package pdftex.def Info: A_27.png  used on input line 615.
(pdftex.def)             Requested size: 137.7014pt x 96.11958pt.
 [5 <./A_24.png> <./A_27.png>]
Underfull \hbox (badness 10000) in paragraph at lines 704--704
[]|\OT1/cmr/m/n/10 (i) elec-tronic
 []


Underfull \hbox (badness 10000) in paragraph at lines 704--704
\OT1/cmr/m/n/10 tran-si-tions in-
 []


Underfull \hbox (badness 10000) in paragraph at lines 704--704
\OT1/cmr/m/n/10 volv-ing va-lence
 []


Underfull \hbox (badness 10000) in paragraph at lines 704--704
[]|\OT1/cmr/m/n/10 (iii) vi-bra-tional
 []


Underfull \hbox (badness 10000) in paragraph at lines 704--704
\OT1/cmr/m/n/10 tran-si-tions of
 []

<A_31.png, id=40, 121.95563pt x 102.3825pt>
File: A_31.png Graphic file (type png)
<use A_31.png>
Package pdftex.def Info: A_31.png  used on input line 726.
(pdftex.def)             Requested size: 137.7014pt x 115.60182pt.
File: A_31.png Graphic file (type png)
<use A_31.png>
Package pdftex.def Info: A_31.png  used on input line 770.
(pdftex.def)             Requested size: 137.7014pt x 115.60182pt.
[6 <./A_31.png>]
<A_37.png, id=45, 96.86188pt x 108.90688pt>
File: A_37.png Graphic file (type png)
<use A_37.png>
Package pdftex.def Info: A_37.png  used on input line 856.
(pdftex.def)             Requested size: 137.7014pt x 154.82828pt.
<B_37.png, id=46, 272.51813pt x 188.20313pt>
File: B_37.png Graphic file (type png)
<use B_37.png>
Package pdftex.def Info: B_37.png  used on input line 860.
(pdftex.def)             Requested size: 137.7014pt x 95.09781pt.
 [7 <./A_37.png> <./B_37.png>]
<A_39.png, id=53, 122.4575pt x 83.31125pt>
File: A_39.png Graphic file (type png)
<use A_39.png>
Package pdftex.def Info: A_39.png  used on input line 903.
(pdftex.def)             Requested size: 137.7014pt x 93.68423pt.
<A_40.png, id=54, 303.1325pt x 170.6375pt>
File: A_40.png Graphic file (type png)
<use A_40.png>
Package pdftex.def Info: A_40.png  used on input line 922.
(pdftex.def)             Requested size: 137.7014pt x 77.5152pt.

Underfull \hbox (badness 1655) in paragraph at lines 921--923
\OT1/cmr/m/n/10 for the hy-dro-gen atom in the ground state is
 []


Overfull \hbox (99.6329pt too wide) detected at line 959
\OML/cmm/m/it/10 L \OT1/cmr/m/n/10 = []\OML/cmm/m/it/10 ma[][][] \OT1/cmr/m/n/1
0 + [] [][] \OML/cmm/m/it/10 ^^R[] \OT1/cmr/m/n/10 + \OML/cmm/m/it/10 mga [] ^^
R;  []^^R[]^^^[]
 []

File: A_27.png Graphic file (type png)
<use A_27.png>
Package pdftex.def Info: A_27.png  used on input line 961.
(pdftex.def)             Requested size: 137.7014pt x 96.11958pt.
<A_43.png, id=55, 287.57437pt x 99.37125pt>
File: A_43.png Graphic file (type png)
<use A_43.png>
Package pdftex.def Info: A_43.png  used on input line 998.
(pdftex.def)             Requested size: 206.5486pt x 71.37437pt.
[8 <./A_39.png> <./A_40.png>]
Underfull \hbox (badness 1708) in paragraph at lines 1156--1157
[]\OT1/cmr/m/n/10 The dis-per-sion re-la-tion for a one-dimensional
 []

[9 <./A_43.png>]
<A_53.png, id=65, 101.37875pt x 78.2925pt>
File: A_53.png Graphic file (type png)
<use A_53.png>
Package pdftex.def Info: A_53.png  used on input line 1261.
(pdftex.def)             Requested size: 137.7014pt x 106.34616pt.
 [10 <./A_53.png>] [11] [12

] [13


] (main.aux)
 ***********
LaTeX2e <2023-11-01> patch level 1
L3 programming layer <2024-01-04>
 ***********
 ) 
Here is how much of TeX's memory you used:
 3696 strings out of 474486
 55616 string characters out of 5744228
 1944542 words of memory out of 5000000
 25970 multiletter control sequences out of 15000+600000
 565985 words of font info for 67 fonts, out of 8000000 for 9000
 1141 hyphenation exceptions out of 8191
 57i,8n,65p,343b,265s stack positions out of 10000i,1000n,20000p,200000b,200000s
<C:/Users/ANIL/AppData/Local/Programs/MiKTeX/fonts/type1/public/amsfonts/cm/c
mbx10.pfb><C:/Users/ANIL/AppData/Local/Programs/MiKTeX/fonts/type1/public/amsfo
nts/cm/cmex10.pfb><C:/Users/ANIL/AppData/Local/Programs/MiKTeX/fonts/type1/publ
ic/amsfonts/cm/cmmi10.pfb><C:/Users/ANIL/AppData/Local/Programs/MiKTeX/fonts/ty
pe1/public/amsfonts/cm/cmmi5.pfb><C:/Users/ANIL/AppData/Local/Programs/MiKTeX/f
onts/type1/public/amsfonts/cm/cmmi7.pfb><C:/Users/ANIL/AppData/Local/Programs/M
iKTeX/fonts/type1/public/amsfonts/cm/cmr10.pfb><C:/Users/ANIL/AppData/Local/Pro
grams/MiKTeX/fonts/type1/public/amsfonts/cm/cmr17.pfb><C:/Users/ANIL/AppData/Lo
cal/Programs/MiKTeX/fonts/type1/public/amsfonts/cm/cmr5.pfb><C:/Users/ANIL/AppD
ata/Local/Programs/MiKTeX/fonts/type1/public/amsfonts/cm/cmr7.pfb><C:/Users/ANI
L/AppData/Local/Programs/MiKTeX/fonts/type1/public/amsfonts/cm/cmsy10.pfb><C:/U
sers/ANIL/AppData/Local/Programs/MiKTeX/fonts/type1/public/amsfonts/cm/cmsy7.pf
b><C:/Users/ANIL/AppData/Local/Programs/MiKTeX/fonts/type1/public/amsfonts/cm/c
mti10.pfb><C:/Users/ANIL/AppData/Local/Programs/MiKTeX/fonts/type1/public/amsfo
nts/symbols/msbm7.pfb>
Output written on main.pdf (13 pages, 378352 bytes).
PDF statistics:
 135 PDF objects out of 1000 (max. 8388607)
 0 named destinations out of 1000 (max. 500000)
 61 words of extra memory for PDF output out of 10000 (max. 10000000)

